#! /usr/bin/vvp
:ivl_version "10.1 (stable)";
:ivl_delay_selection "TYPICAL";
:vpi_time_precision + 0;
:vpi_module "system";
:vpi_module "vhdl_sys";
:vpi_module "v2005_math";
:vpi_module "va_math";
S_0x55cd98a68cd0 .scope module, "pipe_ex2" "pipe_ex2" 2 1;
 .timescale 0 0;
    .port_info 0 /OUTPUT 16 "zout"
    .port_info 1 /INPUT 4 "rs1"
    .port_info 2 /INPUT 4 "rs2"
    .port_info 3 /INPUT 4 "rd"
    .port_info 4 /INPUT 4 "func"
    .port_info 5 /INPUT 8 "addr"
    .port_info 6 /INPUT 1 "clk1"
    .port_info 7 /INPUT 1 "clk2"
L_0x55cd98a89bd0 .functor BUFZ 16, v0x55cd98a890d0_0, C4<0000000000000000>, C4<0000000000000000>, C4<0000000000000000>;
v0x55cd98a64150_0 .var "L12_A", 15 0;
v0x55cd98a67620_0 .var "L12_B", 15 0;
v0x55cd98a88b60_0 .var "L12_addr", 7 0;
v0x55cd98a88c20_0 .var "L12_func", 3 0;
v0x55cd98a88d00_0 .var "L12_rd", 3 0;
v0x55cd98a88e30_0 .var "L23_Z", 15 0;
v0x55cd98a88f10_0 .var "L23_addr", 7 0;
v0x55cd98a88ff0_0 .var "L23_rd", 3 0;
v0x55cd98a890d0_0 .var "L34_Z", 15 0;
v0x55cd98a891b0_0 .var "L34_addr", 7 0;
o0x7fa8068fd1f8 .functor BUFZ 8, C4<zzzzzzzz>; HiZ drive
v0x55cd98a89290_0 .net "addr", 7 0, o0x7fa8068fd1f8;  0 drivers
o0x7fa8068fd228 .functor BUFZ 1, C4<z>; HiZ drive
v0x55cd98a89370_0 .net "clk1", 0 0, o0x7fa8068fd228;  0 drivers
o0x7fa8068fd258 .functor BUFZ 1, C4<z>; HiZ drive
v0x55cd98a89430_0 .net "clk2", 0 0, o0x7fa8068fd258;  0 drivers
o0x7fa8068fd288 .functor BUFZ 4, C4<zzzz>; HiZ drive
v0x55cd98a894f0_0 .net "func", 3 0, o0x7fa8068fd288;  0 drivers
v0x55cd98a895d0 .array "mem", 255 0, 15 0;
o0x7fa8068fd2b8 .functor BUFZ 4, C4<zzzz>; HiZ drive
v0x55cd98a89690_0 .net "rd", 3 0, o0x7fa8068fd2b8;  0 drivers
v0x55cd98a89770 .array "regbank", 15 0, 15 0;
o0x7fa8068fd2e8 .functor BUFZ 4, C4<zzzz>; HiZ drive
v0x55cd98a89830_0 .net "rs1", 3 0, o0x7fa8068fd2e8;  0 drivers
o0x7fa8068fd318 .functor BUFZ 4, C4<zzzz>; HiZ drive
v0x55cd98a89910_0 .net "rs2", 3 0, o0x7fa8068fd318;  0 drivers
v0x55cd98a899f0_0 .net "zout", 15 0, L_0x55cd98a89bd0;  1 drivers
E_0x55cd98a5a950 .event negedge, v0x55cd98a89430_0;
E_0x55cd98a58a10 .event posedge, v0x55cd98a89370_0;
    .scope S_0x55cd98a68cd0;
T_0 ;
    %wait E_0x55cd98a58a10;
    %load/vec4 v0x55cd98a89830_0;
    %pad/u 6;
    %ix/vec4 4;
    %load/vec4a v0x55cd98a89770, 4;
    %assign/vec4 v0x55cd98a64150_0, 2;
    %load/vec4 v0x55cd98a89910_0;
    %pad/u 6;
    %ix/vec4 4;
    %load/vec4a v0x55cd98a89770, 4;
    %assign/vec4 v0x55cd98a67620_0, 2;
    %load/vec4 v0x55cd98a89690_0;
    %assign/vec4 v0x55cd98a88d00_0, 2;
    %load/vec4 v0x55cd98a894f0_0;
    %assign/vec4 v0x55cd98a88c20_0, 2;
    %load/vec4 v0x55cd98a89290_0;
    %assign/vec4 v0x55cd98a88b60_0, 2;
    %jmp T_0;
    .thread T_0;
    .scope S_0x55cd98a68cd0;
T_1 ;
    %wait E_0x55cd98a5a950;
    %load/vec4 v0x55cd98a894f0_0;
    %dup/vec4;
    %pushi/vec4 0, 0, 4;
    %cmp/u;
    %jmp/1 T_1.0, 6;
    %dup/vec4;
    %pushi/vec4 1, 0, 4;
    %cmp/u;
    %jmp/1 T_1.1, 6;
    %dup/vec4;
    %pushi/vec4 2, 0, 4;
    %cmp/u;
    %jmp/1 T_1.2, 6;
    %dup/vec4;
    %pushi/vec4 3, 0, 4;
    %cmp/u;
    %jmp/1 T_1.3, 6;
    %dup/vec4;
    %pushi/vec4 4, 0, 4;
    %cmp/u;
    %jmp/1 T_1.4, 6;
    %dup/vec4;
    %pushi/vec4 5, 0, 4;
    %cmp/u;
    %jmp/1 T_1.5, 6;
    %dup/vec4;
    %pushi/vec4 6, 0, 4;
    %cmp/u;
    %jmp/1 T_1.6, 6;
    %dup/vec4;
    %pushi/vec4 7, 0, 4;
    %cmp/u;
    %jmp/1 T_1.7, 6;
    %dup/vec4;
    %pushi/vec4 8, 0, 4;
    %cmp/u;
    %jmp/1 T_1.8, 6;
    %dup/vec4;
    %pushi/vec4 9, 0, 4;
    %cmp/u;
    %jmp/1 T_1.9, 6;
    %dup/vec4;
    %pushi/vec4 10, 0, 4;
    %cmp/u;
    %jmp/1 T_1.10, 6;
    %dup/vec4;
    %pushi/vec4 11, 0, 4;
    %cmp/u;
    %jmp/1 T_1.11, 6;
    %pushi/vec4 65535, 65535, 16;
    %assign/vec4 v0x55cd98a88e30_0, 0;
    %jmp T_1.13;
T_1.0 ;
    %load/vec4 v0x55cd98a64150_0;
    %load/vec4 v0x55cd98a67620_0;
    %add;
    %assign/vec4 v0x55cd98a88e30_0, 2;
    %jmp T_1.13;
T_1.1 ;
    %load/vec4 v0x55cd98a64150_0;
    %load/vec4 v0x55cd98a67620_0;
    %sub;
    %assign/vec4 v0x55cd98a88e30_0, 2;
    %jmp T_1.13;
T_1.2 ;
    %load/vec4 v0x55cd98a64150_0;
    %load/vec4 v0x55cd98a67620_0;
    %mul;
    %assign/vec4 v0x55cd98a88e30_0, 2;
    %jmp T_1.13;
T_1.3 ;
    %load/vec4 v0x55cd98a64150_0;
    %assign/vec4 v0x55cd98a88e30_0, 2;
    %jmp T_1.13;
T_1.4 ;
    %load/vec4 v0x55cd98a67620_0;
    %assign/vec4 v0x55cd98a88e30_0, 2;
    %jmp T_1.13;
T_1.5 ;
    %load/vec4 v0x55cd98a64150_0;
    %load/vec4 v0x55cd98a67620_0;
    %and;
    %assign/vec4 v0x55cd98a88e30_0, 2;
    %jmp T_1.13;
T_1.6 ;
    %load/vec4 v0x55cd98a64150_0;
    %pushi/vec4 0, 0, 16;
    %cmp/e;
    %flag_get/vec4 4;
    %inv;
    %load/vec4 v0x55cd98a67620_0;
    %pushi/vec4 0, 0, 16;
    %cmp/e;
    %flag_get/vec4 4;
    %inv;
    %or;
    %pad/u 16;
    %assign/vec4 v0x55cd98a88e30_0, 2;
    %jmp T_1.13;
T_1.7 ;
    %load/vec4 v0x55cd98a64150_0;
    %load/vec4 v0x55cd98a67620_0;
    %xor;
    %assign/vec4 v0x55cd98a88e30_0, 2;
    %jmp T_1.13;
T_1.8 ;
    %load/vec4 v0x55cd98a64150_0;
    %inv;
    %pushi/vec4 1, 0, 16;
    %add;
    %assign/vec4 v0x55cd98a88e30_0, 2;
    %jmp T_1.13;
T_1.9 ;
    %load/vec4 v0x55cd98a67620_0;
    %inv;
    %pushi/vec4 1, 0, 16;
    %add;
    %assign/vec4 v0x55cd98a88e30_0, 2;
    %jmp T_1.13;
T_1.10 ;
    %load/vec4 v0x55cd98a64150_0;
    %ix/load 4, 1, 0;
    %flag_set/imm 4, 0;
    %shiftr 4;
    %assign/vec4 v0x55cd98a88e30_0, 2;
    %jmp T_1.13;
T_1.11 ;
    %load/vec4 v0x55cd98a64150_0;
    %ix/load 4, 1, 0;
    %flag_set/imm 4, 0;
    %shiftl 4;
    %assign/vec4 v0x55cd98a88e30_0, 2;
    %jmp T_1.13;
T_1.13 ;
    %pop/vec4 1;
    %load/vec4 v0x55cd98a88d00_0;
    %assign/vec4 v0x55cd98a88ff0_0, 2;
    %load/vec4 v0x55cd98a88b60_0;
    %assign/vec4 v0x55cd98a88f10_0, 2;
    %jmp T_1;
    .thread T_1;
    .scope S_0x55cd98a68cd0;
T_2 ;
    %wait E_0x55cd98a58a10;
    %load/vec4 v0x55cd98a88e30_0;
    %load/vec4 v0x55cd98a88ff0_0;
    %pad/u 6;
    %ix/vec4 3;
    %ix/load 4, 0, 0; Constant delay
    %assign/vec4/a/d v0x55cd98a89770, 0, 4;
    %load/vec4 v0x55cd98a88e30_0;
    %assign/vec4 v0x55cd98a890d0_0, 2;
    %load/vec4 v0x55cd98a88f10_0;
    %assign/vec4 v0x55cd98a891b0_0, 2;
    %jmp T_2;
    .thread T_2;
    .scope S_0x55cd98a68cd0;
T_3 ;
    %wait E_0x55cd98a5a950;
    %load/vec4 v0x55cd98a890d0_0;
    %load/vec4 v0x55cd98a891b0_0;
    %pad/u 10;
    %ix/vec4 3;
    %ix/load 4, 2, 0; Constant delay
    %assign/vec4/a/d v0x55cd98a895d0, 0, 4;
    %jmp T_3;
    .thread T_3;
# The file index is used to find the file name in the following table.
:file_names 3;
    "N/A";
    "<interactive>";
    "pipe_line.v";
